2026-04-09 11:10:46 | ╔══════════════════════════════════════════════════════════╗
2026-04-09 11:10:46 | ║  📦  НОВЫЙ ЗАКАЗ  #3A81B199   (всего: 1)
2026-04-09 11:10:46 | ╠══════════════════════════════════════════════════════════╣
2026-04-09 11:10:46 | ║  👤 Клиент  : 🧑‍🦼 (@)
2026-04-09 11:10:46 | ║  🆔 Chat ID : 6688348215
2026-04-09 11:10:46 | ║  🏷  Мяч баскетбольный (зал) × 2 шт. = 290000 сум
2026-04-09 11:10:46 | ║  💰 ИТОГО   : 290000 сум
2026-04-09 11:10:46 | ║  💳 Оплата  : 💳 Перевод на карту
2026-04-09 11:10:46 | ║  📞 Телефон : 998 90 345 44 50
2026-04-09 11:10:46 | ║  🏠 Адрес   : дома не у Ахмада
2026-04-09 11:10:46 | ╚══════════════════════════════════════════════════════════╝
2026-04-09 11:16:19 | ╔══════════════════════════════════════════════════════════╗
2026-04-09 11:16:19 | ║  📦  НОВЫЙ ЗАКАЗ  #EF0AC520   (всего: 1)
2026-04-09 11:16:19 | ╠══════════════════════════════════════════════════════════╣
2026-04-09 11:16:19 | ║  👤 Клиент  : 🧑‍🦼 (@)
2026-04-09 11:16:19 | ║  🆔 Chat ID : 6688348215
2026-04-09 11:16:19 | ║  🏷  Мяч баскетбольный (зал) × 1 шт. = 145000 сум
2026-04-09 11:16:19 | ║  💰 ИТОГО   : 145000 сум
2026-04-09 11:16:19 | ║  💳 Оплата  : 💳 Перевод на карту
2026-04-09 11:16:19 | ║  📞 Телефон : 9999999999
2026-04-09 11:16:19 | ║  🏠 Адрес   : на улице
2026-04-09 11:16:19 | ╚══════════════════════════════════════════════════════════╝
