2026-04-22 14:22:34 | ╔══════════════════════════════════════════════════════════╗
2026-04-22 14:22:34 | ║  📦  ЗАКАЗ #13D97F4B СОХРАНЁН В БД
2026-04-22 14:22:34 | ╠══════════════════════════════════════════════════════════╣
2026-04-22 14:22:34 | ║  👤 ⛧ (@) id=6688348215
2026-04-22 14:22:34 | ║  🏷  Шлем боксёрский × 2 = 240000 сум
2026-04-22 14:22:34 | ║  💰 240000 сум | 💵 Наличные при получении
2026-04-22 14:22:34 | ╚══════════════════════════════════════════════════════════╝
2026-04-22 14:28:23 | ╔══════════════════════════════════════════════════════════╗
2026-04-22 14:28:23 | ║  📦  ЗАКАЗ #8ED004D3 СОХРАНЁН В БД
2026-04-22 14:28:23 | ╠══════════════════════════════════════════════════════════╣
2026-04-22 14:28:23 | ║  👤 Abdulloh (@abu_giga) id=7694331339
2026-04-22 14:28:23 | ║  🏷  Набор каратека-новичка × 3 = 570000 сум
2026-04-22 14:28:23 | ║  💰 570000 сум | 💵 Наличные при получении
2026-04-22 14:28:23 | ╚══════════════════════════════════════════════════════════╝
2026-04-22 14:38:12 | ╔══════════════════════════════════════════════════════════╗
2026-04-22 14:38:12 | ║  📦  ЗАКАЗ #FA7C5431 СОХРАНЁН В БД
2026-04-22 14:38:12 | ╠══════════════════════════════════════════════════════════╣
2026-04-22 14:38:12 | ║  👤 Chayhooan.🎱 (@chayhooann) id=5289154803
2026-04-22 14:38:12 | ║  🏷  Мяч волейбольный Mikasa × 1 = 80000 сум
2026-04-22 14:38:12 | ║  🏷  Бутсы для травы (шипы) × 1 = 280000 сум
2026-04-22 14:38:12 | ║  💰 360000 сум | 💵 Наличные при получении
2026-04-22 14:38:12 | ╚══════════════════════════════════════════════════════════╝
