2026-04-08 14:33:59 | ╔══════════════════════════════════════════════════════════╗
2026-04-08 14:33:59 | ║  📦  НОВЫЙ ЗАКАЗ  #D2C92A09   (всего заказов: 1)
2026-04-08 14:33:59 | ╠══════════════════════════════════════════════════════════╣
2026-04-08 14:33:59 | ║  👤 Клиент  : 🧑‍🦼 (@)
2026-04-08 14:33:59 | ║  🆔 Chat ID : 6688348215
2026-04-08 14:33:59 | ║  🏷  Товар   : Бутсы для травы (шипы) × 5 шт.
2026-04-08 14:33:59 | ║  💰 Сумма   : 1400000 сум
2026-04-08 14:33:59 | ║  📞 Телефон : 998 99 235 40 70
2026-04-08 14:33:59 | ║  🏠 Адрес   : 3-й квартал 45
2026-04-08 14:33:59 | ╚══════════════════════════════════════════════════════════╝
2026-04-08 14:36:25 | ╔══════════════════════════════════════════════════════════╗
2026-04-08 14:36:25 | ║  📦  НОВЫЙ ЗАКАЗ  #5B16D8F2   (всего заказов: 2)
2026-04-08 14:36:25 | ╠══════════════════════════════════════════════════════════╣
2026-04-08 14:36:25 | ║  👤 Клиент  : 🧑‍🦼 (@)
2026-04-08 14:36:25 | ║  🆔 Chat ID : 6688348215
2026-04-08 14:36:25 | ║  🏷  Товар   : Мяч баскетбольный (улица) × 5 шт.
2026-04-08 14:36:25 | ║  💰 Сумма   : 445000 сум
2026-04-08 14:36:25 | ║  📞 Телефон : 998 99 305 34 67
2026-04-08 14:36:25 | ║  🏠 Адрес   : дома не в школе
2026-04-08 14:36:25 | ╚══════════════════════════════════════════════════════════╝
